[debug] [2020-08-19T15:45:13.182Z] ----------------------------------------------------------------------
[debug] [2020-08-19T15:45:13.184Z] Command:       /Users/brettmiller/.nvm/versions/node/v14.7.0/bin/node /Users/brettmiller/.nvm/versions/node/v14.7.0/bin/firebase init
[debug] [2020-08-19T15:45:13.184Z] CLI Version:   8.7.0
[debug] [2020-08-19T15:45:13.184Z] Platform:      darwin
[debug] [2020-08-19T15:45:13.184Z] Node Version:  v14.7.0
[debug] [2020-08-19T15:45:13.191Z] Time:          Wed Aug 19 2020 10:45:13 GMT-0500 (Central Daylight Time)
[debug] [2020-08-19T15:45:13.191Z] ----------------------------------------------------------------------
[debug] [2020-08-19T15:45:13.191Z] 
[debug] [2020-08-19T15:45:13.199Z] > command requires scopes: ["email","openid","https://www.googleapis.com/auth/cloudplatformprojects.readonly","https://www.googleapis.com/auth/firebase","https://www.googleapis.com/auth/cloud-platform"]
[debug] [2020-08-19T15:45:13.200Z] > authorizing via signed-in user
[info] 
     ######## #### ########  ######## ########     ###     ######  ########
     ##        ##  ##     ## ##       ##     ##  ##   ##  ##       ##
     ######    ##  ########  ######   ########  #########  ######  ######
     ##        ##  ##    ##  ##       ##     ## ##     ##       ## ##
     ##       #### ##     ## ######## ########  ##     ##  ######  ########

You're about to initialize a Firebase project in this directory:

  /Users/brettmiller/Desktop/brett.codes/site/src

[info] 
=== Project Setup
[info] 
[info] First, let's associate this project directory with a Firebase project.
[info] You can create multiple project aliases by running firebase use --add, 
[info] but for now we'll just set up a default project.
[info] 
[info] i  If you want to create a project in a Google Cloud organization or folder, please use "firebase projects:create" instead, and return to this command when you've created the project. 
[debug] [2020-08-19T15:45:23.923Z] > refreshing access token with scopes: ["email","https://www.googleapis.com/auth/cloud-platform","https://www.googleapis.com/auth/cloudplatformprojects.readonly","https://www.googleapis.com/auth/firebase","openid"]
[debug] [2020-08-19T15:45:23.923Z] >>> HTTP REQUEST POST https://www.googleapis.com/oauth2/v3/token  
 <request body omitted>
[debug] [2020-08-19T15:45:24.114Z] <<< HTTP RESPONSE 400 {"content-type":"application/json; charset=utf-8","vary":"X-Origin, Referer, Origin,Accept-Encoding","date":"Wed, 19 Aug 2020 15:45:24 GMT","server":"scaffolding on HTTPServer2","cache-control":"private","x-xss-protection":"0","x-frame-options":"SAMEORIGIN","x-content-type-options":"nosniff","alt-svc":"h3-29=\":443\"; ma=2592000,h3-27=\":443\"; ma=2592000,h3-T050=\":443\"; ma=2592000,h3-Q050=\":443\"; ma=2592000,h3-Q046=\":443\"; ma=2592000,h3-Q043=\":443\"; ma=2592000,quic=\":443\"; ma=2592000; v=\"46,43\"","accept-ranges":"none","transfer-encoding":"chunked"}
[debug] [2020-08-19T15:45:24.115Z] >>> HTTP REQUEST POST https://cloudresourcemanager.googleapis.com/v1/projects  
 {"projectId":"brett-codes","name":"brett-codes"}
[debug] [2020-08-19T15:45:24.242Z] <<< HTTP RESPONSE 401 {"www-authenticate":"Bearer realm=\"https://accounts.google.com/\", error=\"invalid_token\"","vary":"X-Origin, Referer, Origin,Accept-Encoding","content-type":"application/json; charset=UTF-8","date":"Wed, 19 Aug 2020 15:45:24 GMT","server":"ESF","cache-control":"private","x-xss-protection":"0","x-frame-options":"SAMEORIGIN","x-content-type-options":"nosniff","server-timing":"gfet4t7; dur=16","alt-svc":"h3-29=\":443\"; ma=2592000,h3-27=\":443\"; ma=2592000,h3-T050=\":443\"; ma=2592000,h3-Q050=\":443\"; ma=2592000,h3-Q046=\":443\"; ma=2592000,h3-Q043=\":443\"; ma=2592000,quic=\":443\"; ma=2592000; v=\"46,43\"","accept-ranges":"none","transfer-encoding":"chunked"}
[debug] [2020-08-19T15:45:24.243Z] <<< HTTP RESPONSE BODY {"error":{"code":401,"message":"Request had invalid authentication credentials. Expected OAuth 2 access token, login cookie or other valid authentication credential. See https://developers.google.com/identity/sign-in/web/devconsole-project.","status":"UNAUTHENTICATED"}}
[debug] [2020-08-19T15:45:24.363Z] FirebaseError: HTTP Error: 401, Request had invalid authentication credentials. Expected OAuth 2 access token, login cookie or other valid authentication credential. See https://developers.google.com/identity/sign-in/web/devconsole-project.
    at module.exports (/Users/brettmiller/.nvm/versions/node/v14.7.0/lib/node_modules/firebase-tools/lib/responseToError.js:38:12)
    at Request._callback (/Users/brettmiller/.nvm/versions/node/v14.7.0/lib/node_modules/firebase-tools/lib/api.js:41:35)
    at Request.self.callback (/Users/brettmiller/.nvm/versions/node/v14.7.0/lib/node_modules/firebase-tools/node_modules/request/request.js:185:22)
    at Request.emit (events.js:314:20)
    at Request.EventEmitter.emit (domain.js:486:12)
    at Request.<anonymous> (/Users/brettmiller/.nvm/versions/node/v14.7.0/lib/node_modules/firebase-tools/node_modules/request/request.js:1154:10)
    at Request.emit (events.js:314:20)
    at Request.EventEmitter.emit (domain.js:486:12)
    at IncomingMessage.<anonymous> (/Users/brettmiller/.nvm/versions/node/v14.7.0/lib/node_modules/firebase-tools/node_modules/request/request.js:1076:12)
    at Object.onceWrapper (events.js:420:28)
    at IncomingMessage.emit (events.js:326:22)
    at IncomingMessage.EventEmitter.emit (domain.js:486:12)
    at endReadableNT (_stream_readable.js:1244:12)
    at processTicksAndRejections (internal/process/task_queues.js:80:21)
[error] 
[error] Error: Failed to create project. See firebase-debug.log for more info.
